<?xml version="1.0" encoding="UTF-8"?>
<!-- Generated by org.testng.reporters.JUnitReportReporter -->
<testsuite hostname="DESKTOP-PILLCO5" failures="0" tests="1" name="tests.UserLogOutTest" time="6.470" errors="0" timestamp="2023-10-14T04:22:17 EET" skipped="0">
  <testcase classname="tests.UserLogOutTest" name="userSignUpsuccessfully" time="6.470"/>
  <system-out/>
</testsuite> <!-- tests.UserLogOutTest -->
