<?xml version="1.0" encoding="UTF-8"?>
<!-- Generated by org.testng.reporters.JUnitReportReporter -->
<testsuite hostname="DESKTOP-PILLCO5" failures="0" tests="1" name="tests.UserLogInTest" time="6.107" errors="0" timestamp="2023-10-14T03:02:11 EET" skipped="0">
  <testcase classname="tests.UserLogInTest" name="userSignUpsuccessfully" time="6.107"/>
  <system-out/>
</testsuite> <!-- tests.UserLogInTest -->
